<?xml version="1.0" encoding="UTF-8"?>
<!-- Generated by org.testng.reporters.JUnitReportReporter -->
<testsuite skipped="0" hostname="DESKTOP-DB5QFJE" name="TestClass.LoginTestclass2" tests="5" failures="0" timestamp="03 Apr 2023 17:43:56 GMT" time="15.023" errors="0">
  <testcase name="Loginuser2" time="3.373" classname="TestClass.LoginTestclass2"/>
  <testcase name="Loginuser2" time="2.052" classname="TestClass.LoginTestclass2"/>
  <testcase name="Loginuser2" time="3.193" classname="TestClass.LoginTestclass2"/>
  <testcase name="Loginuser2" time="2.514" classname="TestClass.LoginTestclass2"/>
  <testcase name="Loginuser2" time="3.891" classname="TestClass.LoginTestclass2"/>
</testsuite> <!-- TestClass.LoginTestclass2 -->
