<?xml version="1.0" encoding="UTF-8"?>
<!-- Generated by org.testng.reporters.JUnitReportReporter -->
<testsuite skipped="0" hostname="DESKTOP-DB5QFJE" name="TestClass.RegistrationTest2" tests="5" failures="0" timestamp="03 Apr 2023 17:38:52 GMT" time="43.972" errors="0">
  <testcase name="registeruser2" time="6.283" classname="TestClass.RegistrationTest2"/>
  <testcase name="registeruser2" time="8.603" classname="TestClass.RegistrationTest2"/>
  <testcase name="registeruser2" time="8.195" classname="TestClass.RegistrationTest2"/>
  <testcase name="registeruser2" time="10.553" classname="TestClass.RegistrationTest2"/>
  <testcase name="registeruser2" time="10.338" classname="TestClass.RegistrationTest2"/>
</testsuite> <!-- TestClass.RegistrationTest2 -->
