<?xml version="1.0" encoding="UTF-8"?>
<!-- Generated by org.testng.reporters.JUnitReportReporter -->
<testsuite skipped="0" hostname="DESKTOP-DB5QFJE" name="TestClass.RegistrationTest" tests="1" failures="0" timestamp="31 Mar 2023 04:07:31 GMT" time="16.184" errors="0">
  <testcase name="registeruser" time="16.184" classname="TestClass.RegistrationTest"/>
</testsuite> <!-- TestClass.RegistrationTest -->
