<?xml version="1.0" encoding="UTF-8"?>
<!-- Generated by org.testng.reporters.JUnitReportReporter -->
<testsuite skipped="0" hostname="DESKTOP-DB5QFJE" name="TestClass.LoginTestclass3forerrormsg" tests="5" failures="0" timestamp="04 Apr 2023 17:15:38 GMT" time="24.646" errors="0">
  <testcase name="Loginuser3" time="3.629" classname="TestClass.LoginTestclass3forerrormsg"/>
  <testcase name="Loginuser3" time="4.165" classname="TestClass.LoginTestclass3forerrormsg"/>
  <testcase name="Loginuser3" time="3.169" classname="TestClass.LoginTestclass3forerrormsg"/>
  <testcase name="Loginuser3" time="9.982" classname="TestClass.LoginTestclass3forerrormsg"/>
  <testcase name="Loginuser3" time="3.701" classname="TestClass.LoginTestclass3forerrormsg"/>
</testsuite> <!-- TestClass.LoginTestclass3forerrormsg -->
