<?xml version="1.0" encoding="UTF-8"?>
<!-- Generated by org.testng.reporters.JUnitReportReporter -->
<testsuite skipped="0" hostname="DESKTOP-DB5QFJE" name="TestClass.RegTest3" tests="5" failures="0" timestamp="05 Apr 2023 10:50:30 GMT" time="30.006" errors="0">
  <testcase name="registeruser3" time="7.509" classname="TestClass.RegTest3"/>
  <testcase name="registeruser3" time="5.660" classname="TestClass.RegTest3"/>
  <testcase name="registeruser3" time="5.668" classname="TestClass.RegTest3"/>
  <testcase name="registeruser3" time="6.996" classname="TestClass.RegTest3"/>
  <testcase name="registeruser3" time="4.173" classname="TestClass.RegTest3"/>
</testsuite> <!-- TestClass.RegTest3 -->
