<?xml version="1.0" encoding="UTF-8"?>
<!-- Generated by org.testng.reporters.JUnitReportReporter -->
<testsuite skipped="0" hostname="DESKTOP-DB5QFJE" name="TestClass.LoginTestclass" tests="1" failures="0" timestamp="31 Mar 2023 04:12:19 GMT" time="4.698" errors="0">
  <testcase name="Loginuser" time="4.698" classname="TestClass.LoginTestclass"/>
</testsuite> <!-- TestClass.LoginTestclass -->
