<?xml version="1.0" encoding="UTF-8"?>
<!-- Generated by org.testng.reporters.JUnitReportReporter -->
<testsuite skipped="1" hostname="DESKTOP-DB5QFJE" name="Browser.Baseclass" tests="2" failures="0" timestamp="29 Mar 2023 15:11:26 GMT" time="0.016" errors="1">
  <testcase name="OpenchromeBrowser" time="0.016" classname="Browser.Baseclass">
    <error type="java.lang.StackOverflowError">
      <![CDATA[java.lang.StackOverflowError
at Browser.Baseclass.OpenchromeBrowser(Baseclass.java:24)
at Browser.Baseclass.OpenchromeBrowser(Baseclass.java:24)
at Browser.Baseclass.OpenchromeBrowser(Baseclass.java:24)
at Browser.Baseclass.OpenchromeBrowser(Baseclass.java:24)
at Browser.Baseclass.OpenchromeBrowser(Baseclass.java:24)
at Browser.Baseclass.OpenchromeBrowser(Baseclass.java:24)
at Browser.Baseclass.OpenchromeBrowser(Baseclass.java:24)
at Browser.Baseclass.OpenchromeBrowser(Baseclass.java:24)
at Browser.Baseclass.OpenchromeBrowser(Baseclass.java:24)
at Browser.Baseclass.OpenchromeBrowser(Baseclass.java:24)
at Browser.Baseclass.OpenchromeBrowser(Baseclass.java:24)
at Browser.Baseclass.OpenchromeBrowser(Baseclass.java:24)
at Browser.Baseclass.OpenchromeBrowser(Baseclass.java:24)
at Browser.Baseclass.OpenchromeBrowser(Baseclass.java:24)
at Browser.Baseclass.OpenchromeBrowser(Baseclass.java:24)
at Browser.Baseclass.OpenchromeBrowser(Baseclass.java:24)
at Browser.Baseclass.OpenchromeBrowser(Baseclass.java:24)
at Browser.Baseclass.OpenchromeBrowser(Baseclass.java:24)
at Browser.Baseclass.OpenchromeBrowser(Baseclass.java:24)
at Browser.Baseclass.OpenchromeBrowser(Baseclass.java:24)
at Browser.Baseclass.OpenchromeBrowser(Baseclass.java:24)
at Browser.Baseclass.OpenchromeBrowser(Baseclass.java:24)
at Browser.Baseclass.OpenchromeBrowser(Baseclass.java:24)
at Browser.Baseclass.OpenchromeBrowser(Baseclass.java:24)
at Browser.Baseclass.OpenchromeBrowser(Baseclass.java:24)
at Browser.Baseclass.OpenchromeBrowser(Baseclass.java:24)
at Browser.Baseclass.OpenchromeBrowser(Baseclass.java:24)
at Browser.Baseclass.OpenchromeBrowser(Baseclass.java:24)
at Browser.Baseclass.OpenchromeBrowser(Baseclass.java:24)
at Browser.Baseclass.OpenchromeBrowser(Baseclass.java:24)
at Browser.Baseclass.OpenchromeBrowser(Baseclass.java:24)
at Browser.Baseclass.OpenchromeBrowser(Baseclass.java:24)
at Browser.Baseclass.OpenchromeBrowser(Baseclass.java:24)
at Browser.Baseclass.OpenchromeBrowser(Baseclass.java:24)
at Browser.Baseclass.OpenchromeBrowser(Baseclass.java:24)
at Browser.Baseclass.OpenchromeBrowser(Baseclass.java:24)
at Browser.Baseclass.OpenchromeBrowser(Baseclass.java:24)
at Browser.Baseclass.OpenchromeBrowser(Baseclass.java:24)
at Browser.Baseclass.OpenchromeBrowser(Baseclass.java:24)
at Browser.Baseclass.OpenchromeBrowser(Baseclass.java:24)
at Browser.Baseclass.OpenchromeBrowser(Baseclass.java:24)
at Browser.Baseclass.OpenchromeBrowser(Baseclass.java:24)
at Browser.Baseclass.OpenchromeBrowser(Baseclass.java:24)
at Browser.Baseclass.OpenchromeBrowser(Baseclass.java:24)
at Browser.Baseclass.OpenchromeBrowser(Baseclass.java:24)
at Browser.Baseclass.OpenchromeBrowser(Baseclass.java:24)
at Browser.Baseclass.OpenchromeBrowser(Baseclass.java:24)
at Browser.Baseclass.OpenchromeBrowser(Baseclass.java:24)
at Browser.Baseclass.OpenchromeBrowser(Baseclass.java:24)
at Browser.Baseclass.OpenchromeBrowser(Baseclass.java:24)
at Browser.Baseclass.OpenchromeBrowser(Baseclass.java:24)
at Browser.Baseclass.OpenchromeBrowser(Baseclass.java:24)
at Browser.Baseclass.OpenchromeBrowser(Baseclass.java:24)
at Browser.Baseclass.OpenchromeBrowser(Baseclass.java:24)
at Browser.Baseclass.OpenchromeBrowser(Baseclass.java:24)
at Browser.Baseclass.OpenchromeBrowser(Baseclass.java:24)
at Browser.Baseclass.OpenchromeBrowser(Baseclass.java:24)
at Browser.Baseclass.OpenchromeBrowser(Baseclass.java:24)
at Browser.Baseclass.OpenchromeBrowser(Baseclass.java:24)
at Browser.Baseclass.OpenchromeBrowser(Baseclass.java:24)
at Browser.Baseclass.OpenchromeBrowser(Baseclass.java:24)
at Browser.Baseclass.OpenchromeBrowser(Baseclass.java:24)
at Browser.Baseclass.OpenchromeBrowser(Baseclass.java:24)
at Browser.Baseclass.OpenchromeBrowser(Baseclass.java:24)
at Browser.Baseclass.OpenchromeBrowser(Baseclass.java:24)
at Browser.Baseclass.OpenchromeBrowser(Baseclass.java:24)
at Browser.Baseclass.OpenchromeBrowser(Baseclass.java:24)
at Browser.Baseclass.OpenchromeBrowser(Baseclass.java:24)
at Browser.Baseclass.OpenchromeBrowser(Baseclass.java:24)
at Browser.Baseclass.OpenchromeBrowser(Baseclass.java:24)
at Browser.Baseclass.OpenchromeBrowser(Baseclass.java:24)
at Browser.Baseclass.OpenchromeBrowser(Baseclass.java:24)
at Browser.Baseclass.OpenchromeBrowser(Baseclass.java:24)
at Browser.Baseclass.OpenchromeBrowser(Baseclass.java:24)
at Browser.Baseclass.OpenchromeBrowser(Baseclass.java:24)
at Browser.Baseclass.OpenchromeBrowser(Baseclass.java:24)
at Browser.Baseclass.OpenchromeBrowser(Baseclass.java:24)
at Browser.Baseclass.OpenchromeBrowser(Baseclass.java:24)
at Browser.Baseclass.OpenchromeBrowser(Baseclass.java:24)
at Browser.Baseclass.OpenchromeBrowser(Baseclass.java:24)
at Browser.Baseclass.OpenchromeBrowser(Baseclass.java:24)
at Browser.Baseclass.OpenchromeBrowser(Baseclass.java:24)
at Browser.Baseclass.OpenchromeBrowser(Baseclass.java:24)
at Browser.Baseclass.OpenchromeBrowser(Baseclass.java:24)
at Browser.Baseclass.OpenchromeBrowser(Baseclass.java:24)
at Browser.Baseclass.OpenchromeBrowser(Baseclass.java:24)
at Browser.Baseclass.OpenchromeBrowser(Baseclass.java:24)
at Browser.Baseclass.OpenchromeBrowser(Baseclass.java:24)
at Browser.Baseclass.OpenchromeBrowser(Baseclass.java:24)
at Browser.Baseclass.OpenchromeBrowser(Baseclass.java:24)
at Browser.Baseclass.OpenchromeBrowser(Baseclass.java:24)
at Browser.Baseclass.OpenchromeBrowser(Baseclass.java:24)
at Browser.Baseclass.OpenchromeBrowser(Baseclass.java:24)
at Browser.Baseclass.OpenchromeBrowser(Baseclass.java:24)
at Browser.Baseclass.OpenchromeBrowser(Baseclass.java:24)
at Browser.Baseclass.OpenchromeBrowser(Baseclass.java:24)
at Browser.Baseclass.OpenchromeBrowser(Baseclass.java:24)
at Browser.Baseclass.OpenchromeBrowser(Baseclass.java:24)
at Browser.Baseclass.OpenchromeBrowser(Baseclass.java:24)
at Browser.Baseclass.OpenchromeBrowser(Baseclass.java:24)
at Browser.Baseclass.OpenchromeBrowser(Baseclass.java:24)
at Browser.Baseclass.OpenchromeBrowser(Baseclass.java:24)
at Browser.Baseclass.OpenchromeBrowser(Baseclass.java:24)
at Browser.Baseclass.OpenchromeBrowser(Baseclass.java:24)
at Browser.Baseclass.OpenchromeBrowser(Baseclass.java:24)
at Browser.Baseclass.OpenchromeBrowser(Baseclass.java:24)
at Browser.Baseclass.OpenchromeBrowser(Baseclass.java:24)
at Browser.Baseclass.OpenchromeBrowser(Baseclass.java:24)
at Browser.Baseclass.OpenchromeBrowser(Baseclass.java:24)
at Browser.Baseclass.OpenchromeBrowser(Baseclass.java:24)
at Browser.Baseclass.OpenchromeBrowser(Baseclass.java:24)
at Browser.Baseclass.OpenchromeBrowser(Baseclass.java:24)
at Browser.Baseclass.OpenchromeBrowser(Baseclass.java:24)
at Browser.Baseclass.OpenchromeBrowser(Baseclass.java:24)
at Browser.Baseclass.OpenchromeBrowser(Baseclass.java:24)
at Browser.Baseclass.OpenchromeBrowser(Baseclass.java:24)
at Browser.Baseclass.OpenchromeBrowser(Baseclass.java:24)
at Browser.Baseclass.OpenchromeBrowser(Baseclass.java:24)
at Browser.Baseclass.OpenchromeBrowser(Baseclass.java:24)
at Browser.Baseclass.OpenchromeBrowser(Baseclass.java:24)
at Browser.Baseclass.OpenchromeBrowser(Baseclass.java:24)
at Browser.Baseclass.OpenchromeBrowser(Baseclass.java:24)
at Browser.Baseclass.OpenchromeBrowser(Baseclass.java:24)
at Browser.Baseclass.OpenchromeBrowser(Baseclass.java:24)
at Browser.Baseclass.OpenchromeBrowser(Baseclass.java:24)
at Browser.Baseclass.OpenchromeBrowser(Baseclass.java:24)
at Browser.Baseclass.OpenchromeBrowser(Baseclass.java:24)
at Browser.Baseclass.OpenchromeBrowser(Baseclass.java:24)
at Browser.Baseclass.OpenchromeBrowser(Baseclass.java:24)
at Browser.Baseclass.OpenchromeBrowser(Baseclass.java:24)
at Browser.Baseclass.OpenchromeBrowser(Baseclass.java:24)
at Browser.Baseclass.OpenchromeBrowser(Baseclass.java:24)
at Browser.Baseclass.OpenchromeBrowser(Baseclass.java:24)
at Browser.Baseclass.OpenchromeBrowser(Baseclass.java:24)
at Browser.Baseclass.OpenchromeBrowser(Baseclass.java:24)
at Browser.Baseclass.OpenchromeBrowser(Baseclass.java:24)
at Browser.Baseclass.OpenchromeBrowser(Baseclass.java:24)
at Browser.Baseclass.OpenchromeBrowser(Baseclass.java:24)
at Browser.Baseclass.OpenchromeBrowser(Baseclass.java:24)
at Browser.Baseclass.OpenchromeBrowser(Baseclass.java:24)
at Browser.Baseclass.OpenchromeBrowser(Baseclass.java:24)
at Browser.Baseclass.OpenchromeBrowser(Baseclass.java:24)
at Browser.Baseclass.OpenchromeBrowser(Baseclass.java:24)
at Browser.Baseclass.OpenchromeBrowser(Baseclass.java:24)
at Browser.Baseclass.OpenchromeBrowser(Baseclass.java:24)
at Browser.Baseclass.OpenchromeBrowser(Baseclass.java:24)
at Browser.Baseclass.OpenchromeBrowser(Baseclass.java:24)
at Browser.Baseclass.OpenchromeBrowser(Baseclass.java:24)
at Browser.Baseclass.OpenchromeBrowser(Baseclass.java:24)
at Browser.Baseclass.OpenchromeBrowser(Baseclass.java:24)
at Browser.Baseclass.OpenchromeBrowser(Baseclass.java:24)
at Browser.Baseclass.OpenchromeBrowser(Baseclass.java:24)
at Browser.Baseclass.OpenchromeBrowser(Baseclass.java:24)
at Browser.Baseclass.OpenchromeBrowser(Baseclass.java:24)
at Browser.Baseclass.OpenchromeBrowser(Baseclass.java:24)
at Browser.Baseclass.OpenchromeBrowser(Baseclass.java:24)
at Browser.Baseclass.OpenchromeBrowser(Baseclass.java:24)
at Browser.Baseclass.OpenchromeBrowser(Baseclass.java:24)
at Browser.Baseclass.OpenchromeBrowser(Baseclass.java:24)
at Browser.Baseclass.OpenchromeBrowser(Baseclass.java:24)
at Browser.Baseclass.OpenchromeBrowser(Baseclass.java:24)
at Browser.Baseclass.OpenchromeBrowser(Baseclass.java:24)
at Browser.Baseclass.OpenchromeBrowser(Baseclass.java:24)
at Browser.Baseclass.OpenchromeBrowser(Baseclass.java:24)
at Browser.Baseclass.OpenchromeBrowser(Baseclass.java:24)
at Browser.Baseclass.OpenchromeBrowser(Baseclass.java:24)
at Browser.Baseclass.OpenchromeBrowser(Baseclass.java:24)
at Browser.Baseclass.OpenchromeBrowser(Baseclass.java:24)
at Browser.Baseclass.OpenchromeBrowser(Baseclass.java:24)
at Browser.Baseclass.OpenchromeBrowser(Baseclass.java:24)
at Browser.Baseclass.OpenchromeBrowser(Baseclass.java:24)
at Browser.Baseclass.OpenchromeBrowser(Baseclass.java:24)
at Browser.Baseclass.OpenchromeBrowser(Baseclass.java:24)
at Browser.Baseclass.OpenchromeBrowser(Baseclass.java:24)
at Browser.Baseclass.OpenchromeBrowser(Baseclass.java:24)
at Browser.Baseclass.OpenchromeBrowser(Baseclass.java:24)
at Browser.Baseclass.OpenchromeBrowser(Baseclass.java:24)
at Browser.Baseclass.OpenchromeBrowser(Baseclass.java:24)
at Browser.Baseclass.OpenchromeBrowser(Baseclass.java:24)
at Browser.Baseclass.OpenchromeBrowser(Baseclass.java:24)
at Browser.Baseclass.OpenchromeBrowser(Baseclass.java:24)
at Browser.Baseclass.OpenchromeBrowser(Baseclass.java:24)
at Browser.Baseclass.OpenchromeBrowser(Baseclass.java:24)
at Browser.Baseclass.OpenchromeBrowser(Baseclass.java:24)
at Browser.Baseclass.OpenchromeBrowser(Baseclass.java:24)
at Browser.Baseclass.OpenchromeBrowser(Baseclass.java:24)
at Browser.Baseclass.OpenchromeBrowser(Baseclass.java:24)
at Browser.Baseclass.OpenchromeBrowser(Baseclass.java:24)
at Browser.Baseclass.OpenchromeBrowser(Baseclass.java:24)
at Browser.Baseclass.OpenchromeBrowser(Baseclass.java:24)
at Browser.Baseclass.OpenchromeBrowser(Baseclass.java:24)
at Browser.Baseclass.OpenchromeBrowser(Baseclass.java:24)
at Browser.Baseclass.OpenchromeBrowser(Baseclass.java:24)
at Browser.Baseclass.OpenchromeBrowser(Baseclass.java:24)
at Browser.Baseclass.OpenchromeBrowser(Baseclass.java:24)
at Browser.Baseclass.OpenchromeBrowser(Baseclass.java:24)
at Browser.Baseclass.OpenchromeBrowser(Baseclass.java:24)
at Browser.Baseclass.OpenchromeBrowser(Baseclass.java:24)
at Browser.Baseclass.OpenchromeBrowser(Baseclass.java:24)
at Browser.Baseclass.OpenchromeBrowser(Baseclass.java:24)
at Browser.Baseclass.OpenchromeBrowser(Baseclass.java:24)
at Browser.Baseclass.OpenchromeBrowser(Baseclass.java:24)
at Browser.Baseclass.OpenchromeBrowser(Baseclass.java:24)
at Browser.Baseclass.OpenchromeBrowser(Baseclass.java:24)
at Browser.Baseclass.OpenchromeBrowser(Baseclass.java:24)
at Browser.Baseclass.OpenchromeBrowser(Baseclass.java:24)
at Browser.Baseclass.OpenchromeBrowser(Baseclass.java:24)
at Browser.Baseclass.OpenchromeBrowser(Baseclass.java:24)
at Browser.Baseclass.OpenchromeBrowser(Baseclass.java:24)
at Browser.Baseclass.OpenchromeBrowser(Baseclass.java:24)
at Browser.Baseclass.OpenchromeBrowser(Baseclass.java:24)
at Browser.Baseclass.OpenchromeBrowser(Baseclass.java:24)
at Browser.Baseclass.OpenchromeBrowser(Baseclass.java:24)
at Browser.Baseclass.OpenchromeBrowser(Baseclass.java:24)
at Browser.Baseclass.OpenchromeBrowser(Baseclass.java:24)
at Browser.Baseclass.OpenchromeBrowser(Baseclass.java:24)
at Browser.Baseclass.OpenchromeBrowser(Baseclass.java:24)
at Browser.Baseclass.OpenchromeBrowser(Baseclass.java:24)
at Browser.Baseclass.OpenchromeBrowser(Baseclass.java:24)
at Browser.Baseclass.OpenchromeBrowser(Baseclass.java:24)
at Browser.Baseclass.OpenchromeBrowser(Baseclass.java:24)
at Browser.Baseclass.OpenchromeBrowser(Baseclass.java:24)
at Browser.Baseclass.OpenchromeBrowser(Baseclass.java:24)
at Browser.Baseclass.OpenchromeBrowser(Baseclass.java:24)
at Browser.Baseclass.OpenchromeBrowser(Baseclass.java:24)
at Browser.Baseclass.OpenchromeBrowser(Baseclass.java:24)
at Browser.Baseclass.OpenchromeBrowser(Baseclass.java:24)
at Browser.Baseclass.OpenchromeBrowser(Baseclass.java:24)
at Browser.Baseclass.OpenchromeBrowser(Baseclass.java:24)
at Browser.Baseclass.OpenchromeBrowser(Baseclass.java:24)
at Browser.Baseclass.OpenchromeBrowser(Baseclass.java:24)
at Browser.Baseclass.OpenchromeBrowser(Baseclass.java:24)
at Browser.Baseclass.OpenchromeBrowser(Baseclass.java:24)
at Browser.Baseclass.OpenchromeBrowser(Baseclass.java:24)
at Browser.Baseclass.OpenchromeBrowser(Baseclass.java:24)
at Browser.Baseclass.OpenchromeBrowser(Baseclass.java:24)
at Browser.Baseclass.OpenchromeBrowser(Baseclass.java:24)
at Browser.Baseclass.OpenchromeBrowser(Baseclass.java:24)
at Browser.Baseclass.OpenchromeBrowser(Baseclass.java:24)
at Browser.Baseclass.OpenchromeBrowser(Baseclass.java:24)
at Browser.Baseclass.OpenchromeBrowser(Baseclass.java:24)
at Browser.Baseclass.OpenchromeBrowser(Baseclass.java:24)
at Browser.Baseclass.OpenchromeBrowser(Baseclass.java:24)
at Browser.Baseclass.OpenchromeBrowser(Baseclass.java:24)
at Browser.Baseclass.OpenchromeBrowser(Baseclass.java:24)
at Browser.Baseclass.OpenchromeBrowser(Baseclass.java:24)
at Browser.Baseclass.OpenchromeBrowser(Baseclass.java:24)
at Browser.Baseclass.OpenchromeBrowser(Baseclass.java:24)
at Browser.Baseclass.OpenchromeBrowser(Baseclass.java:24)
at Browser.Baseclass.OpenchromeBrowser(Baseclass.java:24)
at Browser.Baseclass.OpenchromeBrowser(Baseclass.java:24)
at Browser.Baseclass.OpenchromeBrowser(Baseclass.java:24)
at Browser.Baseclass.OpenchromeBrowser(Baseclass.java:24)
at Browser.Baseclass.OpenchromeBrowser(Baseclass.java:24)
at Browser.Baseclass.OpenchromeBrowser(Baseclass.java:24)
at Browser.Baseclass.OpenchromeBrowser(Baseclass.java:24)
at Browser.Baseclass.OpenchromeBrowser(Baseclass.java:24)
at Browser.Baseclass.OpenchromeBrowser(Baseclass.java:24)
at Browser.Baseclass.OpenchromeBrowser(Baseclass.java:24)
at Browser.Baseclass.OpenchromeBrowser(Baseclass.java:24)
at Browser.Baseclass.OpenchromeBrowser(Baseclass.java:24)
at Browser.Baseclass.OpenchromeBrowser(Baseclass.java:24)
at Browser.Baseclass.OpenchromeBrowser(Baseclass.java:24)
at Browser.Baseclass.OpenchromeBrowser(Baseclass.java:24)
at Browser.Baseclass.OpenchromeBrowser(Baseclass.java:24)
at Browser.Baseclass.OpenchromeBrowser(Baseclass.java:24)
at Browser.Baseclass.OpenchromeBrowser(Baseclass.java:24)
at Browser.Baseclass.OpenchromeBrowser(Baseclass.java:24)
at Browser.Baseclass.OpenchromeBrowser(Baseclass.java:24)
at Browser.Baseclass.OpenchromeBrowser(Baseclass.java:24)
at Browser.Baseclass.OpenchromeBrowser(Baseclass.java:24)
at Browser.Baseclass.OpenchromeBrowser(Baseclass.java:24)
at Browser.Baseclass.OpenchromeBrowser(Baseclass.java:24)
at Browser.Baseclass.OpenchromeBrowser(Baseclass.java:24)
at Browser.Baseclass.OpenchromeBrowser(Baseclass.java:24)
at Browser.Baseclass.OpenchromeBrowser(Baseclass.java:24)
at Browser.Baseclass.OpenchromeBrowser(Baseclass.java:24)
at Browser.Baseclass.OpenchromeBrowser(Baseclass.java:24)
at Browser.Baseclass.OpenchromeBrowser(Baseclass.java:24)
at Browser.Baseclass.OpenchromeBrowser(Baseclass.java:24)
at Browser.Baseclass.OpenchromeBrowser(Baseclass.java:24)
at Browser.Baseclass.OpenchromeBrowser(Baseclass.java:24)
at Browser.Baseclass.OpenchromeBrowser(Baseclass.java:24)
at Browser.Baseclass.OpenchromeBrowser(Baseclass.java:24)
at Browser.Baseclass.OpenchromeBrowser(Baseclass.java:24)
at Browser.Baseclass.OpenchromeBrowser(Baseclass.java:24)
at Browser.Baseclass.OpenchromeBrowser(Baseclass.java:24)
at Browser.Baseclass.OpenchromeBrowser(Baseclass.java:24)
at Browser.Baseclass.OpenchromeBrowser(Baseclass.java:24)
at Browser.Baseclass.OpenchromeBrowser(Baseclass.java:24)
at Browser.Baseclass.OpenchromeBrowser(Baseclass.java:24)
at Browser.Baseclass.OpenchromeBrowser(Baseclass.java:24)
at Browser.Baseclass.OpenchromeBrowser(Baseclass.java:24)
at Browser.Baseclass.OpenchromeBrowser(Baseclass.java:24)
at Browser.Baseclass.OpenchromeBrowser(Baseclass.java:24)
at Browser.Baseclass.OpenchromeBrowser(Baseclass.java:24)
at Browser.Baseclass.OpenchromeBrowser(Baseclass.java:24)
at Browser.Baseclass.OpenchromeBrowser(Baseclass.java:24)
at Browser.Baseclass.OpenchromeBrowser(Baseclass.java:24)
at Browser.Baseclass.OpenchromeBrowser(Baseclass.java:24)
at Browser.Baseclass.OpenchromeBrowser(Baseclass.java:24)
at Browser.Baseclass.OpenchromeBrowser(Baseclass.java:24)
at Browser.Baseclass.OpenchromeBrowser(Baseclass.java:24)
at Browser.Baseclass.OpenchromeBrowser(Baseclass.java:24)
at Browser.Baseclass.OpenchromeBrowser(Baseclass.java:24)
at Browser.Baseclass.OpenchromeBrowser(Baseclass.java:24)
at Browser.Baseclass.OpenchromeBrowser(Baseclass.java:24)
at Browser.Baseclass.OpenchromeBrowser(Baseclass.java:24)
at Browser.Baseclass.OpenchromeBrowser(Baseclass.java:24)
at Browser.Baseclass.OpenchromeBrowser(Baseclass.java:24)
at Browser.Baseclass.OpenchromeBrowser(Baseclass.java:24)
at Browser.Baseclass.OpenchromeBrowser(Baseclass.java:24)
at Browser.Baseclass.OpenchromeBrowser(Baseclass.java:24)
at Browser.Baseclass.OpenchromeBrowser(Baseclass.java:24)
at Browser.Baseclass.OpenchromeBrowser(Baseclass.java:24)
at Browser.Baseclass.OpenchromeBrowser(Baseclass.java:24)
at Browser.Baseclass.OpenchromeBrowser(Baseclass.java:24)
at Browser.Baseclass.OpenchromeBrowser(Baseclass.java:24)
at Browser.Baseclass.OpenchromeBrowser(Baseclass.java:24)
at Browser.Baseclass.OpenchromeBrowser(Baseclass.java:24)
at Browser.Baseclass.OpenchromeBrowser(Baseclass.java:24)
at Browser.Baseclass.OpenchromeBrowser(Baseclass.java:24)
at Browser.Baseclass.OpenchromeBrowser(Baseclass.java:24)
at Browser.Baseclass.OpenchromeBrowser(Baseclass.java:24)
at Browser.Baseclass.OpenchromeBrowser(Baseclass.java:24)
at Browser.Baseclass.OpenchromeBrowser(Baseclass.java:24)
at Browser.Baseclass.OpenchromeBrowser(Baseclass.java:24)
at Browser.Baseclass.OpenchromeBrowser(Baseclass.java:24)
at Browser.Baseclass.OpenchromeBrowser(Baseclass.java:24)
at Browser.Baseclass.OpenchromeBrowser(Baseclass.java:24)
at Browser.Baseclass.OpenchromeBrowser(Baseclass.java:24)
at Browser.Baseclass.OpenchromeBrowser(Baseclass.java:24)
at Browser.Baseclass.OpenchromeBrowser(Baseclass.java:24)
at Browser.Baseclass.OpenchromeBrowser(Baseclass.java:24)
at Browser.Baseclass.OpenchromeBrowser(Baseclass.java:24)
at Browser.Baseclass.OpenchromeBrowser(Baseclass.java:24)
at Browser.Baseclass.OpenchromeBrowser(Baseclass.java:24)
at Browser.Baseclass.OpenchromeBrowser(Baseclass.java:24)
at Browser.Baseclass.OpenchromeBrowser(Baseclass.java:24)
at Browser.Baseclass.OpenchromeBrowser(Baseclass.java:24)
at Browser.Baseclass.OpenchromeBrowser(Baseclass.java:24)
at Browser.Baseclass.OpenchromeBrowser(Baseclass.java:24)
at Browser.Baseclass.OpenchromeBrowser(Baseclass.java:24)
at Browser.Baseclass.OpenchromeBrowser(Baseclass.java:24)
at Browser.Baseclass.OpenchromeBrowser(Baseclass.java:24)
at Browser.Baseclass.OpenchromeBrowser(Baseclass.java:24)
at Browser.Baseclass.OpenchromeBrowser(Baseclass.java:24)
at Browser.Baseclass.OpenchromeBrowser(Baseclass.java:24)
at Browser.Baseclass.OpenchromeBrowser(Baseclass.java:24)
at Browser.Baseclass.OpenchromeBrowser(Baseclass.java:24)
at Browser.Baseclass.OpenchromeBrowser(Baseclass.java:24)
at Browser.Baseclass.OpenchromeBrowser(Baseclass.java:24)
at Browser.Baseclass.OpenchromeBrowser(Baseclass.java:24)
at Browser.Baseclass.OpenchromeBrowser(Baseclass.java:24)
at Browser.Baseclass.OpenchromeBrowser(Baseclass.java:24)
at Browser.Baseclass.OpenchromeBrowser(Baseclass.java:24)
at Browser.Baseclass.OpenchromeBrowser(Baseclass.java:24)
at Browser.Baseclass.OpenchromeBrowser(Baseclass.java:24)
at Browser.Baseclass.OpenchromeBrowser(Baseclass.java:24)
at Browser.Baseclass.OpenchromeBrowser(Baseclass.java:24)
at Browser.Baseclass.OpenchromeBrowser(Baseclass.java:24)
at Browser.Baseclass.OpenchromeBrowser(Baseclass.java:24)
at Browser.Baseclass.OpenchromeBrowser(Baseclass.java:24)
at Browser.Baseclass.OpenchromeBrowser(Baseclass.java:24)
at Browser.Baseclass.OpenchromeBrowser(Baseclass.java:24)
at Browser.Baseclass.OpenchromeBrowser(Baseclass.java:24)
at Browser.Baseclass.OpenchromeBrowser(Baseclass.java:24)
at Browser.Baseclass.OpenchromeBrowser(Baseclass.java:24)
at Browser.Baseclass.OpenchromeBrowser(Baseclass.java:24)
at Browser.Baseclass.OpenchromeBrowser(Baseclass.java:24)
at Browser.Baseclass.OpenchromeBrowser(Baseclass.java:24)
at Browser.Baseclass.OpenchromeBrowser(Baseclass.java:24)
at Browser.Baseclass.OpenchromeBrowser(Baseclass.java:24)
at Browser.Baseclass.OpenchromeBrowser(Baseclass.java:24)
at Browser.Baseclass.OpenchromeBrowser(Baseclass.java:24)
at Browser.Baseclass.OpenchromeBrowser(Baseclass.java:24)
at Browser.Baseclass.OpenchromeBrowser(Baseclass.java:24)
at Browser.Baseclass.OpenchromeBrowser(Baseclass.java:24)
at Browser.Baseclass.OpenchromeBrowser(Baseclass.java:24)
at Browser.Baseclass.OpenchromeBrowser(Baseclass.java:24)
at Browser.Baseclass.OpenchromeBrowser(Baseclass.java:24)
at Browser.Baseclass.OpenchromeBrowser(Baseclass.java:24)
at Browser.Baseclass.OpenchromeBrowser(Baseclass.java:24)
at Browser.Baseclass.OpenchromeBrowser(Baseclass.java:24)
at Browser.Baseclass.OpenchromeBrowser(Baseclass.java:24)
at Browser.Baseclass.OpenchromeBrowser(Baseclass.java:24)
at Browser.Baseclass.OpenchromeBrowser(Baseclass.java:24)
at Browser.Baseclass.OpenchromeBrowser(Baseclass.java:24)
at Browser.Baseclass.OpenchromeBrowser(Baseclass.java:24)
at Browser.Baseclass.OpenchromeBrowser(Baseclass.java:24)
at Browser.Baseclass.OpenchromeBrowser(Baseclass.java:24)
at Browser.Baseclass.OpenchromeBrowser(Baseclass.java:24)
at Browser.Baseclass.OpenchromeBrowser(Baseclass.java:24)
at Browser.Baseclass.OpenchromeBrowser(Baseclass.java:24)
at Browser.Baseclass.OpenchromeBrowser(Baseclass.java:24)
at Browser.Baseclass.OpenchromeBrowser(Baseclass.java:24)
at Browser.Baseclass.OpenchromeBrowser(Baseclass.java:24)
at Browser.Baseclass.OpenchromeBrowser(Baseclass.java:24)
at Browser.Baseclass.OpenchromeBrowser(Baseclass.java:24)
at Browser.Baseclass.OpenchromeBrowser(Baseclass.java:24)
at Browser.Baseclass.OpenchromeBrowser(Baseclass.java:24)
at Browser.Baseclass.OpenchromeBrowser(Baseclass.java:24)
at Browser.Baseclass.OpenchromeBrowser(Baseclass.java:24)
at Browser.Baseclass.OpenchromeBrowser(Baseclass.java:24)
at Browser.Baseclass.OpenchromeBrowser(Baseclass.java:24)
at Browser.Baseclass.OpenchromeBrowser(Baseclass.java:24)
at Browser.Baseclass.OpenchromeBrowser(Baseclass.java:24)
at Browser.Baseclass.OpenchromeBrowser(Baseclass.java:24)
at Browser.Baseclass.OpenchromeBrowser(Baseclass.java:24)
at Browser.Baseclass.OpenchromeBrowser(Baseclass.java:24)
at Browser.Baseclass.OpenchromeBrowser(Baseclass.java:24)
at Browser.Baseclass.OpenchromeBrowser(Baseclass.java:24)
at Browser.Baseclass.OpenchromeBrowser(Baseclass.java:24)
at Browser.Baseclass.OpenchromeBrowser(Baseclass.java:24)
at Browser.Baseclass.OpenchromeBrowser(Baseclass.java:24)
at Browser.Baseclass.OpenchromeBrowser(Baseclass.java:24)
at Browser.Baseclass.OpenchromeBrowser(Baseclass.java:24)
at Browser.Baseclass.OpenchromeBrowser(Baseclass.java:24)
at Browser.Baseclass.OpenchromeBrowser(Baseclass.java:24)
at Browser.Baseclass.OpenchromeBrowser(Baseclass.java:24)
at Browser.Baseclass.OpenchromeBrowser(Baseclass.java:24)
at Browser.Baseclass.OpenchromeBrowser(Baseclass.java:24)
at Browser.Baseclass.OpenchromeBrowser(Baseclass.java:24)
at Browser.Baseclass.OpenchromeBrowser(Baseclass.java:24)
at Browser.Baseclass.OpenchromeBrowser(Baseclass.java:24)
at Browser.Baseclass.OpenchromeBrowser(Baseclass.java:24)
at Browser.Baseclass.OpenchromeBrowser(Baseclass.java:24)
at Browser.Baseclass.OpenchromeBrowser(Baseclass.java:24)
at Browser.Baseclass.OpenchromeBrowser(Baseclass.java:24)
at Browser.Baseclass.OpenchromeBrowser(Baseclass.java:24)
at Browser.Baseclass.OpenchromeBrowser(Baseclass.java:24)
at Browser.Baseclass.OpenchromeBrowser(Baseclass.java:24)
at Browser.Baseclass.OpenchromeBrowser(Baseclass.java:24)
at Browser.Baseclass.OpenchromeBrowser(Baseclass.java:24)
at Browser.Baseclass.OpenchromeBrowser(Baseclass.java:24)
at Browser.Baseclass.OpenchromeBrowser(Baseclass.java:24)
at Browser.Baseclass.OpenchromeBrowser(Baseclass.java:24)
at Browser.Baseclass.OpenchromeBrowser(Baseclass.java:24)
at Browser.Baseclass.OpenchromeBrowser(Baseclass.java:24)
at Browser.Baseclass.OpenchromeBrowser(Baseclass.java:24)
at Browser.Baseclass.OpenchromeBrowser(Baseclass.java:24)
at Browser.Baseclass.OpenchromeBrowser(Baseclass.java:24)
at Browser.Baseclass.OpenchromeBrowser(Baseclass.java:24)
at Browser.Baseclass.OpenchromeBrowser(Baseclass.java:24)
at Browser.Baseclass.OpenchromeBrowser(Baseclass.java:24)
at Browser.Baseclass.OpenchromeBrowser(Baseclass.java:24)
at Browser.Baseclass.OpenchromeBrowser(Baseclass.java:24)
at Browser.Baseclass.OpenchromeBrowser(Baseclass.java:24)
at Browser.Baseclass.OpenchromeBrowser(Baseclass.java:24)
at Browser.Baseclass.OpenchromeBrowser(Baseclass.java:24)
at Browser.Baseclass.OpenchromeBrowser(Baseclass.java:24)
at Browser.Baseclass.OpenchromeBrowser(Baseclass.java:24)
at Browser.Baseclass.OpenchromeBrowser(Baseclass.java:24)
at Browser.Baseclass.OpenchromeBrowser(Baseclass.java:24)
at Browser.Baseclass.OpenchromeBrowser(Baseclass.java:24)
at Browser.Baseclass.OpenchromeBrowser(Baseclass.java:24)
at Browser.Baseclass.OpenchromeBrowser(Baseclass.java:24)
at Browser.Baseclass.OpenchromeBrowser(Baseclass.java:24)
at Browser.Baseclass.OpenchromeBrowser(Baseclass.java:24)
at Browser.Baseclass.OpenchromeBrowser(Baseclass.java:24)
at Browser.Baseclass.OpenchromeBrowser(Baseclass.java:24)
at Browser.Baseclass.OpenchromeBrowser(Baseclass.java:24)
at Browser.Baseclass.OpenchromeBrowser(Baseclass.java:24)
at Browser.Baseclass.OpenchromeBrowser(Baseclass.java:24)
at Browser.Baseclass.OpenchromeBrowser(Baseclass.java:24)
at Browser.Baseclass.OpenchromeBrowser(Baseclass.java:24)
at Browser.Baseclass.OpenchromeBrowser(Baseclass.java:24)
at Browser.Baseclass.OpenchromeBrowser(Baseclass.java:24)
at Browser.Baseclass.OpenchromeBrowser(Baseclass.java:24)
at Browser.Baseclass.OpenchromeBrowser(Baseclass.java:24)
at Browser.Baseclass.OpenchromeBrowser(Baseclass.java:24)
at Browser.Baseclass.OpenchromeBrowser(Baseclass.java:24)
at Browser.Baseclass.OpenchromeBrowser(Baseclass.java:24)
at Browser.Baseclass.OpenchromeBrowser(Baseclass.java:24)
at Browser.Baseclass.OpenchromeBrowser(Baseclass.java:24)
at Browser.Baseclass.OpenchromeBrowser(Baseclass.java:24)
at Browser.Baseclass.OpenchromeBrowser(Baseclass.java:24)
at Browser.Baseclass.OpenchromeBrowser(Baseclass.java:24)
at Browser.Baseclass.OpenchromeBrowser(Baseclass.java:24)
at Browser.Baseclass.OpenchromeBrowser(Baseclass.java:24)
at Browser.Baseclass.OpenchromeBrowser(Baseclass.java:24)
at Browser.Baseclass.OpenchromeBrowser(Baseclass.java:24)
at Browser.Baseclass.OpenchromeBrowser(Baseclass.java:24)
at Browser.Baseclass.OpenchromeBrowser(Baseclass.java:24)
at Browser.Baseclass.OpenchromeBrowser(Baseclass.java:24)
at Browser.Baseclass.OpenchromeBrowser(Baseclass.java:24)
at Browser.Baseclass.OpenchromeBrowser(Baseclass.java:24)
at Browser.Baseclass.OpenchromeBrowser(Baseclass.java:24)
at Browser.Baseclass.OpenchromeBrowser(Baseclass.java:24)
at Browser.Baseclass.OpenchromeBrowser(Baseclass.java:24)
at Browser.Baseclass.OpenchromeBrowser(Baseclass.java:24)
at Browser.Baseclass.OpenchromeBrowser(Baseclass.java:24)
at Browser.Baseclass.OpenchromeBrowser(Baseclass.java:24)
at Browser.Baseclass.OpenchromeBrowser(Baseclass.java:24)
at Browser.Baseclass.OpenchromeBrowser(Baseclass.java:24)
at Browser.Baseclass.OpenchromeBrowser(Baseclass.java:24)
at Browser.Baseclass.OpenchromeBrowser(Baseclass.java:24)
at Browser.Baseclass.OpenchromeBrowser(Baseclass.java:24)
at Browser.Baseclass.OpenchromeBrowser(Baseclass.java:24)
at Browser.Baseclass.OpenchromeBrowser(Baseclass.java:24)
at Browser.Baseclass.OpenchromeBrowser(Baseclass.java:24)
at Browser.Baseclass.OpenchromeBrowser(Baseclass.java:24)
at Browser.Baseclass.OpenchromeBrowser(Baseclass.java:24)
at Browser.Baseclass.OpenchromeBrowser(Baseclass.java:24)
at Browser.Baseclass.OpenchromeBrowser(Baseclass.java:24)
at Browser.Baseclass.OpenchromeBrowser(Baseclass.java:24)
at Browser.Baseclass.OpenchromeBrowser(Baseclass.java:24)
at Browser.Baseclass.OpenchromeBrowser(Baseclass.java:24)
at Browser.Baseclass.OpenchromeBrowser(Baseclass.java:24)
at Browser.Baseclass.OpenchromeBrowser(Baseclass.java:24)
at Browser.Baseclass.OpenchromeBrowser(Baseclass.java:24)
at Browser.Baseclass.OpenchromeBrowser(Baseclass.java:24)
at Browser.Baseclass.OpenchromeBrowser(Baseclass.java:24)
at Browser.Baseclass.OpenchromeBrowser(Baseclass.java:24)
at Browser.Baseclass.OpenchromeBrowser(Baseclass.java:24)
at Browser.Baseclass.OpenchromeBrowser(Baseclass.java:24)
at Browser.Baseclass.OpenchromeBrowser(Baseclass.java:24)
at Browser.Baseclass.OpenchromeBrowser(Baseclass.java:24)
at Browser.Baseclass.OpenchromeBrowser(Baseclass.java:24)
at Browser.Baseclass.OpenchromeBrowser(Baseclass.java:24)
at Browser.Baseclass.OpenchromeBrowser(Baseclass.java:24)
at Browser.Baseclass.OpenchromeBrowser(Baseclass.java:24)
at Browser.Baseclass.OpenchromeBrowser(Baseclass.java:24)
at Browser.Baseclass.OpenchromeBrowser(Baseclass.java:24)
at Browser.Baseclass.OpenchromeBrowser(Baseclass.java:24)
at Browser.Baseclass.OpenchromeBrowser(Baseclass.java:24)
at Browser.Baseclass.OpenchromeBrowser(Baseclass.java:24)
at Browser.Baseclass.OpenchromeBrowser(Baseclass.java:24)
at Browser.Baseclass.OpenchromeBrowser(Baseclass.java:24)
at Browser.Baseclass.OpenchromeBrowser(Baseclass.java:24)
at Browser.Baseclass.OpenchromeBrowser(Baseclass.java:24)
at Browser.Baseclass.OpenchromeBrowser(Baseclass.java:24)
at Browser.Baseclass.OpenchromeBrowser(Baseclass.java:24)
at Browser.Baseclass.OpenchromeBrowser(Baseclass.java:24)
at Browser.Baseclass.OpenchromeBrowser(Baseclass.java:24)
at Browser.Baseclass.OpenchromeBrowser(Baseclass.java:24)
at Browser.Baseclass.OpenchromeBrowser(Baseclass.java:24)
at Browser.Baseclass.OpenchromeBrowser(Baseclass.java:24)
at Browser.Baseclass.OpenchromeBrowser(Baseclass.java:24)
at Browser.Baseclass.OpenchromeBrowser(Baseclass.java:24)
at Browser.Baseclass.OpenchromeBrowser(Baseclass.java:24)
at Browser.Baseclass.OpenchromeBrowser(Baseclass.java:24)
at Browser.Baseclass.OpenchromeBrowser(Baseclass.java:24)
at Browser.Baseclass.OpenchromeBrowser(Baseclass.java:24)
at Browser.Baseclass.OpenchromeBrowser(Baseclass.java:24)
at Browser.Baseclass.OpenchromeBrowser(Baseclass.java:24)
at Browser.Baseclass.OpenchromeBrowser(Baseclass.java:24)
at Browser.Baseclass.OpenchromeBrowser(Baseclass.java:24)
at Browser.Baseclass.OpenchromeBrowser(Baseclass.java:24)
at Browser.Baseclass.OpenchromeBrowser(Baseclass.java:24)
at Browser.Baseclass.OpenchromeBrowser(Baseclass.java:24)
at Browser.Baseclass.OpenchromeBrowser(Baseclass.java:24)
at Browser.Baseclass.OpenchromeBrowser(Baseclass.java:24)
at Browser.Baseclass.OpenchromeBrowser(Baseclass.java:24)
at Browser.Baseclass.OpenchromeBrowser(Baseclass.java:24)
at Browser.Baseclass.OpenchromeBrowser(Baseclass.java:24)
at Browser.Baseclass.OpenchromeBrowser(Baseclass.java:24)
at Browser.Baseclass.OpenchromeBrowser(Baseclass.java:24)
at Browser.Baseclass.OpenchromeBrowser(Baseclass.java:24)
at Browser.Baseclass.OpenchromeBrowser(Baseclass.java:24)
at Browser.Baseclass.OpenchromeBrowser(Baseclass.java:24)
at Browser.Baseclass.OpenchromeBrowser(Baseclass.java:24)
at Browser.Baseclass.OpenchromeBrowser(Baseclass.java:24)
at Browser.Baseclass.OpenchromeBrowser(Baseclass.java:24)
at Browser.Baseclass.OpenchromeBrowser(Baseclass.java:24)
at Browser.Baseclass.OpenchromeBrowser(Baseclass.java:24)
at Browser.Baseclass.OpenchromeBrowser(Baseclass.java:24)
at Browser.Baseclass.OpenchromeBrowser(Baseclass.java:24)
at Browser.Baseclass.OpenchromeBrowser(Baseclass.java:24)
at Browser.Baseclass.OpenchromeBrowser(Baseclass.java:24)
at Browser.Baseclass.OpenchromeBrowser(Baseclass.java:24)
at Browser.Baseclass.OpenchromeBrowser(Baseclass.java:24)
at Browser.Baseclass.OpenchromeBrowser(Baseclass.java:24)
at Browser.Baseclass.OpenchromeBrowser(Baseclass.java:24)
at Browser.Baseclass.OpenchromeBrowser(Baseclass.java:24)
at Browser.Baseclass.OpenchromeBrowser(Baseclass.java:24)
at Browser.Baseclass.OpenchromeBrowser(Baseclass.java:24)
at Browser.Baseclass.OpenchromeBrowser(Baseclass.java:24)
at Browser.Baseclass.OpenchromeBrowser(Baseclass.java:24)
at Browser.Baseclass.OpenchromeBrowser(Baseclass.java:24)
at Browser.Baseclass.OpenchromeBrowser(Baseclass.java:24)
at Browser.Baseclass.OpenchromeBrowser(Baseclass.java:24)
at Browser.Baseclass.OpenchromeBrowser(Baseclass.java:24)
at Browser.Baseclass.OpenchromeBrowser(Baseclass.java:24)
at Browser.Baseclass.OpenchromeBrowser(Baseclass.java:24)
at Browser.Baseclass.OpenchromeBrowser(Baseclass.java:24)
at Browser.Baseclass.OpenchromeBrowser(Baseclass.java:24)
at Browser.Baseclass.OpenchromeBrowser(Baseclass.java:24)
at Browser.Baseclass.OpenchromeBrowser(Baseclass.java:24)
at Browser.Baseclass.OpenchromeBrowser(Baseclass.java:24)
at Browser.Baseclass.OpenchromeBrowser(Baseclass.java:24)
at Browser.Baseclass.OpenchromeBrowser(Baseclass.java:24)
at Browser.Baseclass.OpenchromeBrowser(Baseclass.java:24)
at Browser.Baseclass.OpenchromeBrowser(Baseclass.java:24)
at Browser.Baseclass.OpenchromeBrowser(Baseclass.java:24)
at Browser.Baseclass.OpenchromeBrowser(Baseclass.java:24)
at Browser.Baseclass.OpenchromeBrowser(Baseclass.java:24)
at Browser.Baseclass.OpenchromeBrowser(Baseclass.java:24)
at Browser.Baseclass.OpenchromeBrowser(Baseclass.java:24)
at Browser.Baseclass.OpenchromeBrowser(Baseclass.java:24)
at Browser.Baseclass.OpenchromeBrowser(Baseclass.java:24)
at Browser.Baseclass.OpenchromeBrowser(Baseclass.java:24)
at Browser.Baseclass.OpenchromeBrowser(Baseclass.java:24)
at Browser.Baseclass.OpenchromeBrowser(Baseclass.java:24)
at Browser.Baseclass.OpenchromeBrowser(Baseclass.java:24)
at Browser.Baseclass.OpenchromeBrowser(Baseclass.java:24)
at Browser.Baseclass.OpenchromeBrowser(Baseclass.java:24)
at Browser.Baseclass.OpenchromeBrowser(Baseclass.java:24)
at Browser.Baseclass.OpenchromeBrowser(Baseclass.java:24)
at Browser.Baseclass.OpenchromeBrowser(Baseclass.java:24)
at Browser.Baseclass.OpenchromeBrowser(Baseclass.java:24)
at Browser.Baseclass.OpenchromeBrowser(Baseclass.java:24)
at Browser.Baseclass.OpenchromeBrowser(Baseclass.java:24)
at Browser.Baseclass.OpenchromeBrowser(Baseclass.java:24)
at Browser.Baseclass.OpenchromeBrowser(Baseclass.java:24)
at Browser.Baseclass.OpenchromeBrowser(Baseclass.java:24)
at Browser.Baseclass.OpenchromeBrowser(Baseclass.java:24)
at Browser.Baseclass.OpenchromeBrowser(Baseclass.java:24)
at Browser.Baseclass.OpenchromeBrowser(Baseclass.java:24)
at Browser.Baseclass.OpenchromeBrowser(Baseclass.java:24)
at Browser.Baseclass.OpenchromeBrowser(Baseclass.java:24)
at Browser.Baseclass.OpenchromeBrowser(Baseclass.java:24)
at Browser.Baseclass.OpenchromeBrowser(Baseclass.java:24)
at Browser.Baseclass.OpenchromeBrowser(Baseclass.java:24)
at Browser.Baseclass.OpenchromeBrowser(Baseclass.java:24)
at Browser.Baseclass.OpenchromeBrowser(Baseclass.java:24)
at Browser.Baseclass.OpenchromeBrowser(Baseclass.java:24)
at Browser.Baseclass.OpenchromeBrowser(Baseclass.java:24)
at Browser.Baseclass.OpenchromeBrowser(Baseclass.java:24)
at Browser.Baseclass.OpenchromeBrowser(Baseclass.java:24)
at Browser.Baseclass.OpenchromeBrowser(Baseclass.java:24)
at Browser.Baseclass.OpenchromeBrowser(Baseclass.java:24)
at Browser.Baseclass.OpenchromeBrowser(Baseclass.java:24)
at Browser.Baseclass.OpenchromeBrowser(Baseclass.java:24)
at Browser.Baseclass.OpenchromeBrowser(Baseclass.java:24)
at Browser.Baseclass.OpenchromeBrowser(Baseclass.java:24)
at Browser.Baseclass.OpenchromeBrowser(Baseclass.java:24)
at Browser.Baseclass.OpenchromeBrowser(Baseclass.java:24)
at Browser.Baseclass.OpenchromeBrowser(Baseclass.java:24)
at Browser.Baseclass.OpenchromeBrowser(Baseclass.java:24)
at Browser.Baseclass.OpenchromeBrowser(Baseclass.java:24)
at Browser.Baseclass.OpenchromeBrowser(Baseclass.java:24)
at Browser.Baseclass.OpenchromeBrowser(Baseclass.java:24)
at Browser.Baseclass.OpenchromeBrowser(Baseclass.java:24)
at Browser.Baseclass.OpenchromeBrowser(Baseclass.java:24)
at Browser.Baseclass.OpenchromeBrowser(Baseclass.java:24)
at Browser.Baseclass.OpenchromeBrowser(Baseclass.java:24)
at Browser.Baseclass.OpenchromeBrowser(Baseclass.java:24)
at Browser.Baseclass.OpenchromeBrowser(Baseclass.java:24)
at Browser.Baseclass.OpenchromeBrowser(Baseclass.java:24)
at Browser.Baseclass.OpenchromeBrowser(Baseclass.java:24)
at Browser.Baseclass.OpenchromeBrowser(Baseclass.java:24)
at Browser.Baseclass.OpenchromeBrowser(Baseclass.java:24)
at Browser.Baseclass.OpenchromeBrowser(Baseclass.java:24)
at Browser.Baseclass.OpenchromeBrowser(Baseclass.java:24)
at Browser.Baseclass.OpenchromeBrowser(Baseclass.java:24)
at Browser.Baseclass.OpenchromeBrowser(Baseclass.java:24)
at Browser.Baseclass.OpenchromeBrowser(Baseclass.java:24)
at Browser.Baseclass.OpenchromeBrowser(Baseclass.java:24)
at Browser.Baseclass.OpenchromeBrowser(Baseclass.java:24)
at Browser.Baseclass.OpenchromeBrowser(Baseclass.java:24)
at Browser.Baseclass.OpenchromeBrowser(Baseclass.java:24)
at Browser.Baseclass.OpenchromeBrowser(Baseclass.java:24)
at Browser.Baseclass.OpenchromeBrowser(Baseclass.java:24)
at Browser.Baseclass.OpenchromeBrowser(Baseclass.java:24)
at Browser.Baseclass.OpenchromeBrowser(Baseclass.java:24)
at Browser.Baseclass.OpenchromeBrowser(Baseclass.java:24)
at Browser.Baseclass.OpenchromeBrowser(Baseclass.java:24)
at Browser.Baseclass.OpenchromeBrowser(Baseclass.java:24)
at Browser.Baseclass.OpenchromeBrowser(Baseclass.java:24)
at Browser.Baseclass.OpenchromeBrowser(Baseclass.java:24)
at Browser.Baseclass.OpenchromeBrowser(Baseclass.java:24)
at Browser.Baseclass.OpenchromeBrowser(Baseclass.java:24)
at Browser.Baseclass.OpenchromeBrowser(Baseclass.java:24)
at Browser.Baseclass.OpenchromeBrowser(Baseclass.java:24)
at Browser.Baseclass.OpenchromeBrowser(Baseclass.java:24)
at Browser.Baseclass.OpenchromeBrowser(Baseclass.java:24)
at Browser.Baseclass.OpenchromeBrowser(Baseclass.java:24)
at Browser.Baseclass.OpenchromeBrowser(Baseclass.java:24)
at Browser.Baseclass.OpenchromeBrowser(Baseclass.java:24)
at Browser.Baseclass.OpenchromeBrowser(Baseclass.java:24)
at Browser.Baseclass.OpenchromeBrowser(Baseclass.java:24)
at Browser.Baseclass.OpenchromeBrowser(Baseclass.java:24)
at Browser.Baseclass.OpenchromeBrowser(Baseclass.java:24)
at Browser.Baseclass.OpenchromeBrowser(Baseclass.java:24)
at Browser.Baseclass.OpenchromeBrowser(Baseclass.java:24)
at Browser.Baseclass.OpenchromeBrowser(Baseclass.java:24)
at Browser.Baseclass.OpenchromeBrowser(Baseclass.java:24)
at Browser.Baseclass.OpenchromeBrowser(Baseclass.java:24)
at Browser.Baseclass.OpenchromeBrowser(Baseclass.java:24)
at Browser.Baseclass.OpenchromeBrowser(Baseclass.java:24)
at Browser.Baseclass.OpenchromeBrowser(Baseclass.java:24)
at Browser.Baseclass.OpenchromeBrowser(Baseclass.java:24)
at Browser.Baseclass.OpenchromeBrowser(Baseclass.java:24)
at Browser.Baseclass.OpenchromeBrowser(Baseclass.java:24)
at Browser.Baseclass.OpenchromeBrowser(Baseclass.java:24)
at Browser.Baseclass.OpenchromeBrowser(Baseclass.java:24)
at Browser.Baseclass.OpenchromeBrowser(Baseclass.java:24)
at Browser.Baseclass.OpenchromeBrowser(Baseclass.java:24)
at Browser.Baseclass.OpenchromeBrowser(Baseclass.java:24)
at Browser.Baseclass.OpenchromeBrowser(Baseclass.java:24)
at Browser.Baseclass.OpenchromeBrowser(Baseclass.java:24)
at Browser.Baseclass.OpenchromeBrowser(Baseclass.java:24)
at Browser.Baseclass.OpenchromeBrowser(Baseclass.java:24)
at Browser.Baseclass.OpenchromeBrowser(Baseclass.java:24)
at Browser.Baseclass.OpenchromeBrowser(Baseclass.java:24)
at Browser.Baseclass.OpenchromeBrowser(Baseclass.java:24)
at Browser.Baseclass.OpenchromeBrowser(Baseclass.java:24)
at Browser.Baseclass.OpenchromeBrowser(Baseclass.java:24)
at Browser.Baseclass.OpenchromeBrowser(Baseclass.java:24)
at Browser.Baseclass.OpenchromeBrowser(Baseclass.java:24)
at Browser.Baseclass.OpenchromeBrowser(Baseclass.java:24)
at Browser.Baseclass.OpenchromeBrowser(Baseclass.java:24)
at Browser.Baseclass.OpenchromeBrowser(Baseclass.java:24)
at Browser.Baseclass.OpenchromeBrowser(Baseclass.java:24)
at Browser.Baseclass.OpenchromeBrowser(Baseclass.java:24)
at Browser.Baseclass.OpenchromeBrowser(Baseclass.java:24)
at Browser.Baseclass.OpenchromeBrowser(Baseclass.java:24)
at Browser.Baseclass.OpenchromeBrowser(Baseclass.java:24)
at Browser.Baseclass.OpenchromeBrowser(Baseclass.java:24)
at Browser.Baseclass.OpenchromeBrowser(Baseclass.java:24)
at Browser.Baseclass.OpenchromeBrowser(Baseclass.java:24)
at Browser.Baseclass.OpenchromeBrowser(Baseclass.java:24)
at Browser.Baseclass.OpenchromeBrowser(Baseclass.java:24)
at Browser.Baseclass.OpenchromeBrowser(Baseclass.java:24)
at Browser.Baseclass.OpenchromeBrowser(Baseclass.java:24)
at Browser.Baseclass.OpenchromeBrowser(Baseclass.java:24)
at Browser.Baseclass.OpenchromeBrowser(Baseclass.java:24)
at Browser.Baseclass.OpenchromeBrowser(Baseclass.java:24)
at Browser.Baseclass.OpenchromeBrowser(Baseclass.java:24)
at Browser.Baseclass.OpenchromeBrowser(Baseclass.java:24)
at Browser.Baseclass.OpenchromeBrowser(Baseclass.java:24)
at Browser.Baseclass.OpenchromeBrowser(Baseclass.java:24)
at Browser.Baseclass.OpenchromeBrowser(Baseclass.java:24)
at Browser.Baseclass.OpenchromeBrowser(Baseclass.java:24)
at Browser.Baseclass.OpenchromeBrowser(Baseclass.java:24)
at Browser.Baseclass.OpenchromeBrowser(Baseclass.java:24)
at Browser.Baseclass.OpenchromeBrowser(Baseclass.java:24)
at Browser.Baseclass.OpenchromeBrowser(Baseclass.java:24)
at Browser.Baseclass.OpenchromeBrowser(Baseclass.java:24)
at Browser.Baseclass.OpenchromeBrowser(Baseclass.java:24)
at Browser.Baseclass.OpenchromeBrowser(Baseclass.java:24)
at Browser.Baseclass.OpenchromeBrowser(Baseclass.java:24)
at Browser.Baseclass.OpenchromeBrowser(Baseclass.java:24)
at Browser.Baseclass.OpenchromeBrowser(Baseclass.java:24)
at Browser.Baseclass.OpenchromeBrowser(Baseclass.java:24)
at Browser.Baseclass.OpenchromeBrowser(Baseclass.java:24)
at Browser.Baseclass.OpenchromeBrowser(Baseclass.java:24)
at Browser.Baseclass.OpenchromeBrowser(Baseclass.java:24)
at Browser.Baseclass.OpenchromeBrowser(Baseclass.java:24)
at Browser.Baseclass.OpenchromeBrowser(Baseclass.java:24)
at Browser.Baseclass.OpenchromeBrowser(Baseclass.java:24)
at Browser.Baseclass.OpenchromeBrowser(Baseclass.java:24)
at Browser.Baseclass.OpenchromeBrowser(Baseclass.java:24)
at Browser.Baseclass.OpenchromeBrowser(Baseclass.java:24)
at Browser.Baseclass.OpenchromeBrowser(Baseclass.java:24)
at Browser.Baseclass.OpenchromeBrowser(Baseclass.java:24)
at Browser.Baseclass.OpenchromeBrowser(Baseclass.java:24)
at Browser.Baseclass.OpenchromeBrowser(Baseclass.java:24)
at Browser.Baseclass.OpenchromeBrowser(Baseclass.java:24)
at Browser.Baseclass.OpenchromeBrowser(Baseclass.java:24)
at Browser.Baseclass.OpenchromeBrowser(Baseclass.java:24)
at Browser.Baseclass.OpenchromeBrowser(Baseclass.java:24)
at Browser.Baseclass.OpenchromeBrowser(Baseclass.java:24)
at Browser.Baseclass.OpenchromeBrowser(Baseclass.java:24)
at Browser.Baseclass.OpenchromeBrowser(Baseclass.java:24)
at Browser.Baseclass.OpenchromeBrowser(Baseclass.java:24)
at Browser.Baseclass.OpenchromeBrowser(Baseclass.java:24)
at Browser.Baseclass.OpenchromeBrowser(Baseclass.java:24)
at Browser.Baseclass.OpenchromeBrowser(Baseclass.java:24)
at Browser.Baseclass.OpenchromeBrowser(Baseclass.java:24)
at Browser.Baseclass.OpenchromeBrowser(Baseclass.java:24)
at Browser.Baseclass.OpenchromeBrowser(Baseclass.java:24)
at Browser.Baseclass.OpenchromeBrowser(Baseclass.java:24)
at Browser.Baseclass.OpenchromeBrowser(Baseclass.java:24)
at Browser.Baseclass.OpenchromeBrowser(Baseclass.java:24)
at Browser.Baseclass.OpenchromeBrowser(Baseclass.java:24)
at Browser.Baseclass.OpenchromeBrowser(Baseclass.java:24)
at Browser.Baseclass.OpenchromeBrowser(Baseclass.java:24)
at Browser.Baseclass.OpenchromeBrowser(Baseclass.java:24)
at Browser.Baseclass.OpenchromeBrowser(Baseclass.java:24)
at Browser.Baseclass.OpenchromeBrowser(Baseclass.java:24)
at Browser.Baseclass.OpenchromeBrowser(Baseclass.java:24)
at Browser.Baseclass.OpenchromeBrowser(Baseclass.java:24)
at Browser.Baseclass.OpenchromeBrowser(Baseclass.java:24)
at Browser.Baseclass.OpenchromeBrowser(Baseclass.java:24)
at Browser.Baseclass.OpenchromeBrowser(Baseclass.java:24)
at Browser.Baseclass.OpenchromeBrowser(Baseclass.java:24)
at Browser.Baseclass.OpenchromeBrowser(Baseclass.java:24)
at Browser.Baseclass.OpenchromeBrowser(Baseclass.java:24)
at Browser.Baseclass.OpenchromeBrowser(Baseclass.java:24)
at Browser.Baseclass.OpenchromeBrowser(Baseclass.java:24)
at Browser.Baseclass.OpenchromeBrowser(Baseclass.java:24)
at Browser.Baseclass.OpenchromeBrowser(Baseclass.java:24)
at Browser.Baseclass.OpenchromeBrowser(Baseclass.java:24)
at Browser.Baseclass.OpenchromeBrowser(Baseclass.java:24)
at Browser.Baseclass.OpenchromeBrowser(Baseclass.java:24)
at Browser.Baseclass.OpenchromeBrowser(Baseclass.java:24)
at Browser.Baseclass.OpenchromeBrowser(Baseclass.java:24)
at Browser.Baseclass.OpenchromeBrowser(Baseclass.java:24)
at Browser.Baseclass.OpenchromeBrowser(Baseclass.java:24)
at Browser.Baseclass.OpenchromeBrowser(Baseclass.java:24)
at Browser.Baseclass.OpenchromeBrowser(Baseclass.java:24)
at Browser.Baseclass.OpenchromeBrowser(Baseclass.java:24)
at Browser.Baseclass.OpenchromeBrowser(Baseclass.java:24)
at Browser.Baseclass.OpenchromeBrowser(Baseclass.java:24)
at Browser.Baseclass.OpenchromeBrowser(Baseclass.java:24)
at Browser.Baseclass.OpenchromeBrowser(Baseclass.java:24)
at Browser.Baseclass.OpenchromeBrowser(Baseclass.java:24)
at Browser.Baseclass.OpenchromeBrowser(Baseclass.java:24)
at Browser.Baseclass.OpenchromeBrowser(Baseclass.java:24)
at Browser.Baseclass.OpenchromeBrowser(Baseclass.java:24)
at Browser.Baseclass.OpenchromeBrowser(Baseclass.java:24)
at Browser.Baseclass.OpenchromeBrowser(Baseclass.java:24)
at Browser.Baseclass.OpenchromeBrowser(Baseclass.java:24)
at Browser.Baseclass.OpenchromeBrowser(Baseclass.java:24)
at Browser.Baseclass.OpenchromeBrowser(Baseclass.java:24)
at Browser.Baseclass.OpenchromeBrowser(Baseclass.java:24)
at Browser.Baseclass.OpenchromeBrowser(Baseclass.java:24)
at Browser.Baseclass.OpenchromeBrowser(Baseclass.java:24)
at Browser.Baseclass.OpenchromeBrowser(Baseclass.java:24)
at Browser.Baseclass.OpenchromeBrowser(Baseclass.java:24)
at Browser.Baseclass.OpenchromeBrowser(Baseclass.java:24)
at Browser.Baseclass.OpenchromeBrowser(Baseclass.java:24)
at Browser.Baseclass.OpenchromeBrowser(Baseclass.java:24)
at Browser.Baseclass.OpenchromeBrowser(Baseclass.java:24)
at Browser.Baseclass.OpenchromeBrowser(Baseclass.java:24)
at Browser.Baseclass.OpenchromeBrowser(Baseclass.java:24)
at Browser.Baseclass.OpenchromeBrowser(Baseclass.java:24)
at Browser.Baseclass.OpenchromeBrowser(Baseclass.java:24)
at Browser.Baseclass.OpenchromeBrowser(Baseclass.java:24)
at Browser.Baseclass.OpenchromeBrowser(Baseclass.java:24)
at Browser.Baseclass.OpenchromeBrowser(Baseclass.java:24)
at Browser.Baseclass.OpenchromeBrowser(Baseclass.java:24)
at Browser.Baseclass.OpenchromeBrowser(Baseclass.java:24)
at Browser.Baseclass.OpenchromeBrowser(Baseclass.java:24)
at Browser.Baseclass.OpenchromeBrowser(Baseclass.java:24)
at Browser.Baseclass.OpenchromeBrowser(Baseclass.java:24)
at Browser.Baseclass.OpenchromeBrowser(Baseclass.java:24)
at Browser.Baseclass.OpenchromeBrowser(Baseclass.java:24)
at Browser.Baseclass.OpenchromeBrowser(Baseclass.java:24)
at Browser.Baseclass.OpenchromeBrowser(Baseclass.java:24)
at Browser.Baseclass.OpenchromeBrowser(Baseclass.java:24)
at Browser.Baseclass.OpenchromeBrowser(Baseclass.java:24)
at Browser.Baseclass.OpenchromeBrowser(Baseclass.java:24)
at Browser.Baseclass.OpenchromeBrowser(Baseclass.java:24)
at Browser.Baseclass.OpenchromeBrowser(Baseclass.java:24)
at Browser.Baseclass.OpenchromeBrowser(Baseclass.java:24)
at Browser.Baseclass.OpenchromeBrowser(Baseclass.java:24)
at Browser.Baseclass.OpenchromeBrowser(Baseclass.java:24)
at Browser.Baseclass.OpenchromeBrowser(Baseclass.java:24)
at Browser.Baseclass.OpenchromeBrowser(Baseclass.java:24)
at Browser.Baseclass.OpenchromeBrowser(Baseclass.java:24)
at Browser.Baseclass.OpenchromeBrowser(Baseclass.java:24)
at Browser.Baseclass.OpenchromeBrowser(Baseclass.java:24)
at Browser.Baseclass.OpenchromeBrowser(Baseclass.java:24)
at Browser.Baseclass.OpenchromeBrowser(Baseclass.java:24)
at Browser.Baseclass.OpenchromeBrowser(Baseclass.java:24)
at Browser.Baseclass.OpenchromeBrowser(Baseclass.java:24)
at Browser.Baseclass.OpenchromeBrowser(Baseclass.java:24)
at Browser.Baseclass.OpenchromeBrowser(Baseclass.java:24)
at Browser.Baseclass.OpenchromeBrowser(Baseclass.java:24)
at Browser.Baseclass.OpenchromeBrowser(Baseclass.java:24)
at Browser.Baseclass.OpenchromeBrowser(Baseclass.java:24)
at Browser.Baseclass.OpenchromeBrowser(Baseclass.java:24)
at Browser.Baseclass.OpenchromeBrowser(Baseclass.java:24)
at Browser.Baseclass.OpenchromeBrowser(Baseclass.java:24)
at Browser.Baseclass.OpenchromeBrowser(Baseclass.java:24)
at Browser.Baseclass.OpenchromeBrowser(Baseclass.java:24)
at Browser.Baseclass.OpenchromeBrowser(Baseclass.java:24)
at Browser.Baseclass.OpenchromeBrowser(Baseclass.java:24)
at Browser.Baseclass.OpenchromeBrowser(Baseclass.java:24)
at Browser.Baseclass.OpenchromeBrowser(Baseclass.java:24)
at Browser.Baseclass.OpenchromeBrowser(Baseclass.java:24)
at Browser.Baseclass.OpenchromeBrowser(Baseclass.java:24)
at Browser.Baseclass.OpenchromeBrowser(Baseclass.java:24)
at Browser.Baseclass.OpenchromeBrowser(Baseclass.java:24)
at Browser.Baseclass.OpenchromeBrowser(Baseclass.java:24)
at Browser.Baseclass.OpenchromeBrowser(Baseclass.java:24)
at Browser.Baseclass.OpenchromeBrowser(Baseclass.java:24)
at Browser.Baseclass.OpenchromeBrowser(Baseclass.java:24)
at Browser.Baseclass.OpenchromeBrowser(Baseclass.java:24)
at Browser.Baseclass.OpenchromeBrowser(Baseclass.java:24)
at Browser.Baseclass.OpenchromeBrowser(Baseclass.java:24)
at Browser.Baseclass.OpenchromeBrowser(Baseclass.java:24)
at Browser.Baseclass.OpenchromeBrowser(Baseclass.java:24)
at Browser.Baseclass.OpenchromeBrowser(Baseclass.java:24)
at Browser.Baseclass.OpenchromeBrowser(Baseclass.java:24)
at Browser.Baseclass.OpenchromeBrowser(Baseclass.java:24)
at Browser.Baseclass.OpenchromeBrowser(Baseclass.java:24)
at Browser.Baseclass.OpenchromeBrowser(Baseclass.java:24)
at Browser.Baseclass.OpenchromeBrowser(Baseclass.java:24)
at Browser.Baseclass.OpenchromeBrowser(Baseclass.java:24)
at Browser.Baseclass.OpenchromeBrowser(Baseclass.java:24)
at Browser.Baseclass.OpenchromeBrowser(Baseclass.java:24)
at Browser.Baseclass.OpenchromeBrowser(Baseclass.java:24)
at Browser.Baseclass.OpenchromeBrowser(Baseclass.java:24)
at Browser.Baseclass.OpenchromeBrowser(Baseclass.java:24)
at Browser.Baseclass.OpenchromeBrowser(Baseclass.java:24)
at Browser.Baseclass.OpenchromeBrowser(Baseclass.java:24)
at Browser.Baseclass.OpenchromeBrowser(Baseclass.java:24)
at Browser.Baseclass.OpenchromeBrowser(Baseclass.java:24)
at Browser.Baseclass.OpenchromeBrowser(Baseclass.java:24)
at Browser.Baseclass.OpenchromeBrowser(Baseclass.java:24)
at Browser.Baseclass.OpenchromeBrowser(Baseclass.java:24)
at Browser.Baseclass.OpenchromeBrowser(Baseclass.java:24)
at Browser.Baseclass.OpenchromeBrowser(Baseclass.java:24)
at Browser.Baseclass.OpenchromeBrowser(Baseclass.java:24)
at Browser.Baseclass.OpenchromeBrowser(Baseclass.java:24)
at Browser.Baseclass.OpenchromeBrowser(Baseclass.java:24)
at Browser.Baseclass.OpenchromeBrowser(Baseclass.java:24)
at Browser.Baseclass.OpenchromeBrowser(Baseclass.java:24)
at Browser.Baseclass.OpenchromeBrowser(Baseclass.java:24)
at Browser.Baseclass.OpenchromeBrowser(Baseclass.java:24)
at Browser.Baseclass.OpenchromeBrowser(Baseclass.java:24)
at Browser.Baseclass.OpenchromeBrowser(Baseclass.java:24)
at Browser.Baseclass.OpenchromeBrowser(Baseclass.java:24)
at Browser.Baseclass.OpenchromeBrowser(Baseclass.java:24)
at Browser.Baseclass.OpenchromeBrowser(Baseclass.java:24)
at Browser.Baseclass.OpenchromeBrowser(Baseclass.java:24)
at Browser.Baseclass.OpenchromeBrowser(Baseclass.java:24)
at Browser.Baseclass.OpenchromeBrowser(Baseclass.java:24)
at Browser.Baseclass.OpenchromeBrowser(Baseclass.java:24)
at Browser.Baseclass.OpenchromeBrowser(Baseclass.java:24)
at Browser.Baseclass.OpenchromeBrowser(Baseclass.java:24)
at Browser.Baseclass.OpenchromeBrowser(Baseclass.java:24)
at Browser.Baseclass.OpenchromeBrowser(Baseclass.java:24)
at Browser.Baseclass.OpenchromeBrowser(Baseclass.java:24)
at Browser.Baseclass.OpenchromeBrowser(Baseclass.java:24)
at Browser.Baseclass.OpenchromeBrowser(Baseclass.java:24)
at Browser.Baseclass.OpenchromeBrowser(Baseclass.java:24)
at Browser.Baseclass.OpenchromeBrowser(Baseclass.java:24)
at Browser.Baseclass.OpenchromeBrowser(Baseclass.java:24)
at Browser.Baseclass.OpenchromeBrowser(Baseclass.java:24)
at Browser.Baseclass.OpenchromeBrowser(Baseclass.java:24)
at Browser.Baseclass.OpenchromeBrowser(Baseclass.java:24)
at Browser.Baseclass.OpenchromeBrowser(Baseclass.java:24)
at Browser.Baseclass.OpenchromeBrowser(Baseclass.java:24)
at Browser.Baseclass.OpenchromeBrowser(Baseclass.java:24)
at Browser.Baseclass.OpenchromeBrowser(Baseclass.java:24)
at Browser.Baseclass.OpenchromeBrowser(Baseclass.java:24)
at Browser.Baseclass.OpenchromeBrowser(Baseclass.java:24)
at Browser.Baseclass.OpenchromeBrowser(Baseclass.java:24)
at Browser.Baseclass.OpenchromeBrowser(Baseclass.java:24)
at Browser.Baseclass.OpenchromeBrowser(Baseclass.java:24)
at Browser.Baseclass.OpenchromeBrowser(Baseclass.java:24)
at Browser.Baseclass.OpenchromeBrowser(Baseclass.java:24)
at Browser.Baseclass.OpenchromeBrowser(Baseclass.java:24)
at Browser.Baseclass.OpenchromeBrowser(Baseclass.java:24)
at Browser.Baseclass.OpenchromeBrowser(Baseclass.java:24)
at Browser.Baseclass.OpenchromeBrowser(Baseclass.java:24)
at Browser.Baseclass.OpenchromeBrowser(Baseclass.java:24)
at Browser.Baseclass.OpenchromeBrowser(Baseclass.java:24)
at Browser.Baseclass.OpenchromeBrowser(Baseclass.java:24)
at Browser.Baseclass.OpenchromeBrowser(Baseclass.java:24)
at Browser.Baseclass.OpenchromeBrowser(Baseclass.java:24)
at Browser.Baseclass.OpenchromeBrowser(Baseclass.java:24)
at Browser.Baseclass.OpenchromeBrowser(Baseclass.java:24)
at Browser.Baseclass.OpenchromeBrowser(Baseclass.java:24)
at Browser.Baseclass.OpenchromeBrowser(Baseclass.java:24)
at Browser.Baseclass.OpenchromeBrowser(Baseclass.java:24)
at Browser.Baseclass.OpenchromeBrowser(Baseclass.java:24)
at Browser.Baseclass.OpenchromeBrowser(Baseclass.java:24)
at Browser.Baseclass.OpenchromeBrowser(Baseclass.java:24)
at Browser.Baseclass.OpenchromeBrowser(Baseclass.java:24)
at Browser.Baseclass.OpenchromeBrowser(Baseclass.java:24)
at Browser.Baseclass.OpenchromeBrowser(Baseclass.java:24)
at Browser.Baseclass.OpenchromeBrowser(Baseclass.java:24)
at Browser.Baseclass.OpenchromeBrowser(Baseclass.java:24)
at Browser.Baseclass.OpenchromeBrowser(Baseclass.java:24)
at Browser.Baseclass.OpenchromeBrowser(Baseclass.java:24)
at Browser.Baseclass.OpenchromeBrowser(Baseclass.java:24)
at Browser.Baseclass.OpenchromeBrowser(Baseclass.java:24)
at Browser.Baseclass.OpenchromeBrowser(Baseclass.java:24)
at Browser.Baseclass.OpenchromeBrowser(Baseclass.java:24)
at Browser.Baseclass.OpenchromeBrowser(Baseclass.java:24)
at Browser.Baseclass.OpenchromeBrowser(Baseclass.java:24)
at Browser.Baseclass.OpenchromeBrowser(Baseclass.java:24)
at Browser.Baseclass.OpenchromeBrowser(Baseclass.java:24)
at Browser.Baseclass.OpenchromeBrowser(Baseclass.java:24)
at Browser.Baseclass.OpenchromeBrowser(Baseclass.java:24)
at Browser.Baseclass.OpenchromeBrowser(Baseclass.java:24)
at Browser.Baseclass.OpenchromeBrowser(Baseclass.java:24)
at Browser.Baseclass.OpenchromeBrowser(Baseclass.java:24)
at Browser.Baseclass.OpenchromeBrowser(Baseclass.java:24)
at Browser.Baseclass.OpenchromeBrowser(Baseclass.java:24)
at Browser.Baseclass.OpenchromeBrowser(Baseclass.java:24)
at Browser.Baseclass.OpenchromeBrowser(Baseclass.java:24)
at Browser.Baseclass.OpenchromeBrowser(Baseclass.java:24)
at Browser.Baseclass.OpenchromeBrowser(Baseclass.java:24)
at Browser.Baseclass.OpenchromeBrowser(Baseclass.java:24)
at Browser.Baseclass.OpenchromeBrowser(Baseclass.java:24)
at Browser.Baseclass.OpenchromeBrowser(Baseclass.java:24)
at Browser.Baseclass.OpenchromeBrowser(Baseclass.java:24)
at Browser.Baseclass.OpenchromeBrowser(Baseclass.java:24)
at Browser.Baseclass.OpenchromeBrowser(Baseclass.java:24)
at Browser.Baseclass.OpenchromeBrowser(Baseclass.java:24)
at Browser.Baseclass.OpenchromeBrowser(Baseclass.java:24)
at Browser.Baseclass.OpenchromeBrowser(Baseclass.java:24)
at Browser.Baseclass.OpenchromeBrowser(Baseclass.java:24)
at Browser.Baseclass.OpenchromeBrowser(Baseclass.java:24)
at Browser.Baseclass.OpenchromeBrowser(Baseclass.java:24)
at Browser.Baseclass.OpenchromeBrowser(Baseclass.java:24)
at Browser.Baseclass.OpenchromeBrowser(Baseclass.java:24)
at Browser.Baseclass.OpenchromeBrowser(Baseclass.java:24)
at Browser.Baseclass.OpenchromeBrowser(Baseclass.java:24)
at Browser.Baseclass.OpenchromeBrowser(Baseclass.java:24)
at Browser.Baseclass.OpenchromeBrowser(Baseclass.java:24)
at Browser.Baseclass.OpenchromeBrowser(Baseclass.java:24)
at Browser.Baseclass.OpenchromeBrowser(Baseclass.java:24)
at Browser.Baseclass.OpenchromeBrowser(Baseclass.java:24)
at Browser.Baseclass.OpenchromeBrowser(Baseclass.java:24)
at Browser.Baseclass.OpenchromeBrowser(Baseclass.java:24)
at Browser.Baseclass.OpenchromeBrowser(Baseclass.java:24)
at Browser.Baseclass.OpenchromeBrowser(Baseclass.java:24)
at Browser.Baseclass.OpenchromeBrowser(Baseclass.java:24)
at Browser.Baseclass.OpenchromeBrowser(Baseclass.java:24)
at Browser.Baseclass.OpenchromeBrowser(Baseclass.java:24)
at Browser.Baseclass.OpenchromeBrowser(Baseclass.java:24)
at Browser.Baseclass.OpenchromeBrowser(Baseclass.java:24)
at Browser.Baseclass.OpenchromeBrowser(Baseclass.java:24)
at Browser.Baseclass.OpenchromeBrowser(Baseclass.java:24)
at Browser.Baseclass.OpenchromeBrowser(Baseclass.java:24)
at Browser.Baseclass.OpenchromeBrowser(Baseclass.java:24)
]]>
    </error>
  </testcase> <!-- OpenchromeBrowser -->
  <testcase name="RegisterUser" time="0.000" classname="Browser.Baseclass">
    <skipped/>
  </testcase> <!-- RegisterUser -->
</testsuite> <!-- Browser.Baseclass -->
